num	cons	site
1	0.434	M-M-
2	0.811	VVVV
3	0.773	LLLL
4	0.837	SSSS
5	0.872	PPPP
6	0.703	AAAE
7	0.852	DDDD
8	0.843	KKKK
9	0.769	TTTN
10	0.823	NNNH
11	0.811	VVVV
12	0.753	KKKR
13	0.703	AAAS
14	0.708	AAAT
15	0.948	WWWW
16	0.704	GGGD
17	0.843	KKKK
18	0.709	VVVI
19	0.790	GGGG
20	0.675	AAAG
21	0.916	HHHH
22	0.675	AAAG
23	0.672	GGGA
24	0.750	EDEE
25	0.893	YYYY
26	0.790	GGGG
27	0.799	AAAA
28	0.837	EEEE
29	0.799	AAAA
30	0.773	LLLL
31	0.837	EEEE
32	0.854	RRRR
33	0.919	MMMM
34	0.869	FFFF
35	0.686	LLLT
36	0.837	SSSS
37	0.869	FFFF
38	0.872	PPPP
39	0.845	TTTT
40	0.845	TTTT
41	0.843	KKKK
42	0.845	TTTT
43	0.893	YYYY
44	0.869	FFFF
45	0.872	PPPP
46	0.916	HHHH
47	0.869	FFFF
48	0.852	DDDD
49	0.665	LLLV
50	0.837	SSSS
51	0.916	HHHH
52	0.790	GGGG
53	0.837	SSSS
54	0.799	AAAA
55	0.893	QQQQ
56	0.811	VVVV
57	0.843	KKKK
58	0.672	GGGA
59	0.916	HHHH
60	0.790	GGGG
61	0.843	KKKK
62	0.843	KKKK
63	0.811	VVVV
64	0.799	AAAA
65	0.852	DDDD
66	0.799	AAAA
67	0.773	LLLL
68	0.721	TTTA
69	0.876	NNNN
70	0.799	AAAA
71	0.691	VVVA
72	0.675	AAAG
73	0.916	HHHH
74	0.676	VVVL
75	0.852	DDDD
76	0.852	DDDD
77	0.773	MMML
78	0.872	PPPP
79	0.744	NNNG
80	0.799	AAAA
81	0.773	LLLL
82	0.837	SSSS
83	0.799	AAAA
84	0.773	LLLL
85	0.837	SSSS
86	0.852	DDDD
87	0.773	LLLL
88	0.916	HHHH
89	0.799	AAAA
90	0.916	HHHH
91	0.843	KKKK
92	0.773	LLLL
93	0.854	RRRR
94	0.811	VVVV
95	0.852	DDDD
96	0.872	PPPP
97	0.811	VVVV
98	0.876	NNNN
99	0.869	FFFF
100	0.843	KKKK
101	0.773	LLLL
102	0.773	LLLL
103	0.837	SSSS
104	0.916	HHHH
105	0.919	CCCC
106	0.773	LLLL
107	0.773	LLLL
108	0.811	VVVV
109	0.845	TTTT
110	0.773	LLLL
111	0.799	AAAA
112	0.728	AAAN
113	0.916	HHHH
114	0.732	LLLH
115	0.872	PPPP
116	0.799	AAAA
117	0.837	EEEE
118	0.869	FFFF
119	0.845	TTTT
120	0.872	PPPP
121	0.675	AAAG
122	0.811	VVVV
123	0.916	HHHH
124	0.799	AAAA
125	0.837	SSSS
126	0.773	LLLL
127	0.852	DDDD
128	0.843	KKKK
129	0.869	FFFF
130	0.773	LLLL
131	0.799	AAAA
132	0.837	SSSS
133	0.811	VVVV
134	0.837	SSSS
135	0.845	TTTT
136	0.811	VVVV
137	0.773	LLLL
138	0.845	TTTT
139	0.837	SSSS
140	0.843	KKKK
141	0.893	YYYY
142	0.854	RRRR
